<?xml version="1.0" encoding="UTF-8"?>
<!-- Generated by org.testng.reporters.JUnitXMLReporter -->
<testsuite ignored="0" hostname="HYDLAP89" failures="0" tests="2" name="Default test" time="10.024" errors="0" timestamp="2022-08-07T19:54:35 IST">
  <testcase classname="com.datadriven.testng11validatedatadriven2" name="LoadingDataDrivenPage" time="2.173"/>
  <testcase classname="com.datadriven.testng11validatedatadriven2" name="ValidateDataDriven" time="3.695"/>
</testsuite> <!-- Default test -->
