<?xml version="1.0" encoding="UTF-8"?>
<!-- Generated by org.testng.reporters.JUnitXMLReporter -->
<testsuite ignored="0" hostname="HYDLAP89" failures="0" tests="4" name="Test2" time="0.056" errors="0" timestamp="2022-08-08T22:34:54 IST">
  <testcase classname="com.testng.TestNGparlleltestSuite" name="test1" time="0.007"/>
  <testcase classname="com.testng.TestNGparlleltestSuite" name="test1" time="0.009"/>
  <testcase classname="com.testng.TestNGparlleltestSuite" name="test2" time="0.001"/>
  <testcase classname="com.testng.TestNGparlleltestSuite" name="test2" time="0.004"/>
</testsuite> <!-- Test2 -->
