<?xml version="1.0" encoding="UTF-8"?>
<!-- Generated by org.testng.reporters.JUnitXMLReporter -->
<testsuite ignored="1" hostname="HYDLAP89" failures="0" tests="3" name="Test" time="0.059" errors="0" timestamp="2022-08-08T22:41:51 IST">
  <testcase classname="com.testng.TestNGGroup" name="test2" time="0.009"/>
  <testcase classname="com.testng.TestNGGroup" name="test3" time="0.002"/>
  <testcase classname="com.testng.TestNGGroup" name="test4" time="0.002"/>
  <testcase classname="com.testng.TestNGGroup" name="test1" time="0.0">
    <ignored/>
  </testcase> <!-- test1 -->
</testsuite> <!-- Test -->
