<?xml version="1.0" encoding="UTF-8"?>
<testng-results ignored="0" total="1" passed="1" failed="0" skipped="0">
  <reporter-output>
  </reporter-output>
  <suite started-at="2022-08-14T16:04:30 IST" name="Default suite" finished-at="2022-08-14T16:04:52 IST" duration-ms="21829">
    <groups>
    </groups>
    <test started-at="2022-08-14T16:04:30 IST" name="Default test" finished-at="2022-08-14T16:04:52 IST" duration-ms="21829">
      <class name="com.testng.testNGKeyEventsUsingAction">
        <test-method signature="TestUsingActionsForKeyEvent()[pri:0, instance:com.testng.testNGKeyEventsUsingAction@fa4c865]" started-at="2022-08-14T16:04:30 IST" name="TestUsingActionsForKeyEvent" finished-at="2022-08-14T16:04:52 IST" duration-ms="21781" status="PASS">
          <reporter-output>
          </reporter-output>
        </test-method> <!-- TestUsingActionsForKeyEvent -->
      </class> <!-- com.testng.testNGKeyEventsUsingAction -->
    </test> <!-- Default test -->
  </suite> <!-- Default suite -->
</testng-results>
